[2023-05-09 00:03:07] INFO root fetch - main [MainThread]: Get Changelog since Serial: [18022989]
[2023-05-09 00:03:11] INFO root fetch - main [MainThread]: Found 16 changed packages
[2023-05-09 00:03:11] INFO root fetch - processPackages [ThreadPoolExecutor-0_0]: Start processing: expden
[2023-05-09 00:03:11] INFO root fetch - processPackages [ThreadPoolExecutor-0_1]: Start processing: mama
[2023-05-09 00:03:12] INFO root fetch - processPackages [ThreadPoolExecutor-0_2]: Start processing: animo-trainer
[2023-05-09 00:03:12] INFO root fetch - processPackages [ThreadPoolExecutor-0_3]: Start processing: freshpy
[2023-05-09 00:03:12] INFO root fetch - processPackages [ThreadPoolExecutor-0_4]: Start processing: Pulse3D
[2023-05-09 00:03:12] INFO root fetch - processPackages [ThreadPoolExecutor-0_5]: Start processing: complex-curve-fit-gui
[2023-05-09 00:03:12] INFO root fetch - processPackages [ThreadPoolExecutor-0_6]: Start processing: globus-compute-sdk
[2023-05-09 00:03:12] INFO root fetch - processPackages [ThreadPoolExecutor-0_7]: Start processing: globus-compute-endpoint
[2023-05-09 00:03:12] INFO root fetch - processPackages [ThreadPoolExecutor-0_8]: Start processing: funcx
[2023-05-09 00:03:12] INFO root fetch - processPackages [ThreadPoolExecutor-0_9]: Start processing: funcx-endpoint
[2023-05-09 00:03:12] WARNING root fetch - processPackages [expden]: Skipping, unable to determine old version
[2023-05-09 00:03:12] INFO root fetch - processPackages [expden]: Start processing: slashml
[2023-05-09 00:03:12] INFO root fetch - main [MainThread]: End processing [expden] error
[2023-05-09 00:03:12] INFO root fetch - processPackages [funcx]: New version: [2.0.2a1] Old Version: [2.0.2a0]
[2023-05-09 00:03:12] INFO root fetch - processPackages [mama]: New version: [0.7.9] Old Version: [0.7.7]
[2023-05-09 00:03:12] INFO root fetch - processPackages [animo-trainer]: New version: [0.1.9] Old Version: [0.1.8]
[2023-05-09 00:03:12] INFO root fetch - processPackages [globus-compute-sdk]: New version: [2.0.2a1] Old Version: [2.0.2a0]
[2023-05-09 00:03:12] INFO root fetch - processPackages [globus-compute-endpoint]: New version: [2.0.2a1] Old Version: [2.0.2a0]
[2023-05-09 00:03:12] INFO root fetch - processPackages [freshpy]: New version: [1.1.1] Old Version: [1.1.0b1]
[2023-05-09 00:03:12] INFO root fetch - processPackages [complex-curve-fit-gui]: New version: [1.1.8] Old Version: [1.1.6]
[2023-05-09 00:03:12] INFO root fetch - processPackages [Pulse3D]: New version: [0.33.3] Old Version: [0.33.2]
[2023-05-09 00:03:12] INFO root fetch - processPackages [funcx-endpoint]: New version: [2.0.2a1] Old Version: [2.0.2a0]
[2023-05-09 00:03:12] INFO root fetch - processPackages [animo-trainer]: executing diffoscope
[2023-05-09 00:03:12] INFO root fetch - processPackages [animo-trainer]: podman run --user 0:0 --rm -w /home/abi/fetcher -v /home/abi/fetcher/tmp:/home/abi/fetcher/tmp:ro -v /home/abi/fetcher/20230509:/home/abi/fetcher/20230509:rw registry.salsa.debian.org/reproducible-builds/diffoscope --no-progress tmp/animo_trainer-0.1.8.tar.gz tmp/animo_trainer-0.1.9.tar.gz --markdown 20230509/a/animo-trainer/0.1.8-0.1.9/diff.md --exclude *.pyd
[2023-05-09 00:03:12] INFO root fetch - processPackages [globus-compute-sdk]: Downloading https://files.pythonhosted.org/packages/21/3f/3545ca3085b81c0e7b0c6e104bd0db8c924e390734233583e12e42d6929e/globus-compute-sdk-2.0.2a0.tar.gz
[2023-05-09 00:03:12] INFO root fetch - processPackages [slashml]: New version: [0.1.2] Old Version: [0.1.1]
[2023-05-09 00:03:12] INFO root fetch - processPackages [funcx]: Downloading https://files.pythonhosted.org/packages/c1/8c/68cb33fcf71ae65ef61d651537f738017f9c6781bfb8efdf1c62e71602b2/funcx-2.0.2a0.tar.gz
[2023-05-09 00:03:12] INFO root fetch - processPackages [globus-compute-endpoint]: Downloading https://files.pythonhosted.org/packages/c0/16/af79da19f1407a94f53264a06d5b6d3ef5dd454544bfe8f1710787eca986/globus-compute-endpoint-2.0.2a0.tar.gz
[2023-05-09 00:03:12] INFO root fetch - processPackages [Pulse3D]: Downloading https://files.pythonhosted.org/packages/0c/00/45702cba95579d89817d0e048f7712db63d74a9bec561ddcc66c7d451dff/Pulse3D-0.33.2.tar.gz
[2023-05-09 00:03:12] INFO root fetch - processPackages [funcx-endpoint]: Downloading https://files.pythonhosted.org/packages/a3/aa/49ebd068a921d5f3f141a344981d526b6d2df17291238f1575ab251da68c/funcx-endpoint-2.0.2a0.tar.gz
[2023-05-09 00:03:12] INFO root fetch - processPackages [mama]: Downloading https://files.pythonhosted.org/packages/3e/e3/6763878d4735797a32b4c7a6c1fc91bf62aab9da7806aa1c652348e944ee/mama-0.7.7.tar.gz
[2023-05-09 00:03:12] INFO root fetch - processPackages [freshpy]: Downloading https://files.pythonhosted.org/packages/79/fb/544cf002015d6c68e6b3f22a60d85e005f9a049d985ed1bc7a0a00562acc/freshpy-1.1.0b1.tar.gz
[2023-05-09 00:03:12] INFO root fetch - processPackages [globus-compute-sdk]: Downloading https://files.pythonhosted.org/packages/5b/6a/8ef155f0f102a5fd9386c10797949d951199792b6d835998203d66b0b409/globus-compute-sdk-2.0.2a1.tar.gz
[2023-05-09 00:03:12] INFO root fetch - processPackages [complex-curve-fit-gui]: Downloading https://files.pythonhosted.org/packages/94/6b/566da663d7c448ee934b814d8e54367307e961731e83c6cd70a35277895e/complex_curve_fit_gui-1.1.8.tar.gz
[2023-05-09 00:03:12] INFO root fetch - processPackages [Pulse3D]: Downloading https://files.pythonhosted.org/packages/e4/09/0dbeaa5fcb38f67cbf73213c375ffc593dc8008e9522a03bd61f2dd9dd67/Pulse3D-0.33.3.tar.gz
[2023-05-09 00:03:12] INFO root fetch - processPackages [globus-compute-endpoint]: Downloading https://files.pythonhosted.org/packages/f6/b2/a114012128057a30ac2abcf55dcc0a9fbf5b219ba5e37485ab55cd596438/globus-compute-endpoint-2.0.2a1.tar.gz
[2023-05-09 00:03:12] INFO root fetch - processPackages [complex-curve-fit-gui]: executing diffoscope
[2023-05-09 00:03:12] INFO root fetch - processPackages [complex-curve-fit-gui]: podman run --user 0:0 --rm -w /home/abi/fetcher -v /home/abi/fetcher/tmp:/home/abi/fetcher/tmp:ro -v /home/abi/fetcher/20230509:/home/abi/fetcher/20230509:rw registry.salsa.debian.org/reproducible-builds/diffoscope --no-progress tmp/complex_curve_fit_gui-1.1.6.tar.gz tmp/complex_curve_fit_gui-1.1.8.tar.gz --markdown 20230509/c/complex-curve-fit-gui/1.1.6-1.1.8/diff.md --exclude *.pyd
[2023-05-09 00:03:12] INFO root fetch - processPackages [Pulse3D]: executing diffoscope
[2023-05-09 00:03:12] INFO root fetch - processPackages [Pulse3D]: podman run --user 0:0 --rm -w /home/abi/fetcher -v /home/abi/fetcher/tmp:/home/abi/fetcher/tmp:ro -v /home/abi/fetcher/20230509:/home/abi/fetcher/20230509:rw registry.salsa.debian.org/reproducible-builds/diffoscope --no-progress tmp/Pulse3D-0.33.2.tar.gz tmp/Pulse3D-0.33.3.tar.gz --markdown 20230509/P/Pulse3D/0.33.2-0.33.3/diff.md --exclude *.pyd
[2023-05-09 00:03:12] INFO root fetch - processPackages [mama]: Downloading https://files.pythonhosted.org/packages/ab/38/c41c90c62bbdafa900ef75fccb1a6dc925a6666d203d5d29cc749481d652/mama-0.7.9.tar.gz
[2023-05-09 00:03:12] INFO root fetch - processPackages [funcx]: Downloading https://files.pythonhosted.org/packages/d2/a1/56486e5bcbcca0de7abf68a0b37121ae768fd3f6cabc8d9e8bfb3a761c43/funcx-2.0.2a1.tar.gz
[2023-05-09 00:03:12] INFO root fetch - processPackages [globus-compute-sdk]: executing diffoscope
[2023-05-09 00:03:12] INFO root fetch - processPackages [globus-compute-sdk]: podman run --user 0:0 --rm -w /home/abi/fetcher -v /home/abi/fetcher/tmp:/home/abi/fetcher/tmp:ro -v /home/abi/fetcher/20230509:/home/abi/fetcher/20230509:rw registry.salsa.debian.org/reproducible-builds/diffoscope --no-progress tmp/globus-compute-sdk-2.0.2a0.tar.gz tmp/globus-compute-sdk-2.0.2a1.tar.gz --markdown 20230509/g/globus-compute-sdk/2.0.2a0-2.0.2a1/diff.md --exclude *.pyd
[2023-05-09 00:03:12] INFO root fetch - processPackages [slashml]: Downloading https://files.pythonhosted.org/packages/f1/53/c48349b284c96e06ca000d8a4dd204cb3b41e57fc1712549c5f8afedc3d5/slashml-0.1.2.tar.gz
[2023-05-09 00:03:12] INFO root fetch - processPackages [funcx-endpoint]: Downloading https://files.pythonhosted.org/packages/8c/88/73754b642662b6edf046e00860d641fd81d74f285517d24141bc3f89f5c4/funcx-endpoint-2.0.2a1.tar.gz
[2023-05-09 00:03:12] INFO root fetch - processPackages [globus-compute-endpoint]: executing diffoscope
[2023-05-09 00:03:12] INFO root fetch - processPackages [globus-compute-endpoint]: podman run --user 0:0 --rm -w /home/abi/fetcher -v /home/abi/fetcher/tmp:/home/abi/fetcher/tmp:ro -v /home/abi/fetcher/20230509:/home/abi/fetcher/20230509:rw registry.salsa.debian.org/reproducible-builds/diffoscope --no-progress tmp/globus-compute-endpoint-2.0.2a0.tar.gz tmp/globus-compute-endpoint-2.0.2a1.tar.gz --markdown 20230509/g/globus-compute-endpoint/2.0.2a0-2.0.2a1/diff.md --exclude *.pyd
[2023-05-09 00:03:12] INFO root fetch - processPackages [freshpy]: Downloading https://files.pythonhosted.org/packages/85/d4/53cb26de2a6835e372c62504de87b527c6e8fbccc41c27cc8286894f36de/freshpy-1.1.1.tar.gz
[2023-05-09 00:03:12] INFO root fetch - processPackages [mama]: executing diffoscope
[2023-05-09 00:03:12] INFO root fetch - processPackages [mama]: podman run --user 0:0 --rm -w /home/abi/fetcher -v /home/abi/fetcher/tmp:/home/abi/fetcher/tmp:ro -v /home/abi/fetcher/20230509:/home/abi/fetcher/20230509:rw registry.salsa.debian.org/reproducible-builds/diffoscope --no-progress tmp/mama-0.7.7.tar.gz tmp/mama-0.7.9.tar.gz --markdown 20230509/m/mama/0.7.7-0.7.9/diff.md --exclude *.pyd
[2023-05-09 00:03:12] INFO root fetch - processPackages [freshpy]: executing diffoscope
[2023-05-09 00:03:12] INFO root fetch - processPackages [funcx]: executing diffoscope
[2023-05-09 00:03:12] INFO root fetch - processPackages [freshpy]: podman run --user 0:0 --rm -w /home/abi/fetcher -v /home/abi/fetcher/tmp:/home/abi/fetcher/tmp:ro -v /home/abi/fetcher/20230509:/home/abi/fetcher/20230509:rw registry.salsa.debian.org/reproducible-builds/diffoscope --no-progress tmp/freshpy-1.1.0b1.tar.gz tmp/freshpy-1.1.1.tar.gz --markdown 20230509/f/freshpy/1.1.0b1-1.1.1/diff.md --exclude *.pyd
[2023-05-09 00:03:12] INFO root fetch - processPackages [funcx]: podman run --user 0:0 --rm -w /home/abi/fetcher -v /home/abi/fetcher/tmp:/home/abi/fetcher/tmp:ro -v /home/abi/fetcher/20230509:/home/abi/fetcher/20230509:rw registry.salsa.debian.org/reproducible-builds/diffoscope --no-progress tmp/funcx-2.0.2a0.tar.gz tmp/funcx-2.0.2a1.tar.gz --markdown 20230509/f/funcx/2.0.2a0-2.0.2a1/diff.md --exclude *.pyd
[2023-05-09 00:03:12] INFO root fetch - processPackages [slashml]: executing diffoscope
[2023-05-09 00:03:12] INFO root fetch - processPackages [slashml]: podman run --user 0:0 --rm -w /home/abi/fetcher -v /home/abi/fetcher/tmp:/home/abi/fetcher/tmp:ro -v /home/abi/fetcher/20230509:/home/abi/fetcher/20230509:rw registry.salsa.debian.org/reproducible-builds/diffoscope --no-progress tmp/slashml-0.1.1.tar.gz tmp/slashml-0.1.2.tar.gz --markdown 20230509/s/slashml/0.1.1-0.1.2/diff.md --exclude *.pyd
[2023-05-09 00:03:12] INFO root fetch - processPackages [funcx-endpoint]: executing diffoscope
[2023-05-09 00:03:12] INFO root fetch - processPackages [funcx-endpoint]: podman run --user 0:0 --rm -w /home/abi/fetcher -v /home/abi/fetcher/tmp:/home/abi/fetcher/tmp:ro -v /home/abi/fetcher/20230509:/home/abi/fetcher/20230509:rw registry.salsa.debian.org/reproducible-builds/diffoscope --no-progress tmp/funcx-endpoint-2.0.2a0.tar.gz tmp/funcx-endpoint-2.0.2a1.tar.gz --markdown 20230509/f/funcx-endpoint/2.0.2a0-2.0.2a1/diff.md --exclude *.pyd
[2023-05-09 00:03:14] INFO root fetch - processPackages [funcx-endpoint]: Start processing: jac-vision
[2023-05-09 00:03:14] INFO root fetch - main [MainThread]: End processing [funcx-endpoint]: success
[2023-05-09 00:03:14] INFO root fetch - processPackages [slashml]: Start processing: jaseci
[2023-05-09 00:03:14] INFO root fetch - main [MainThread]: End processing [slashml]: success
[2023-05-09 00:03:14] INFO root fetch - processPackages [jac-vision]: New version: [1.4.0.9] Old Version: [1.4.0.8]
[2023-05-09 00:03:14] INFO root fetch - processPackages [funcx]: Start processing: jac-nlp
[2023-05-09 00:03:14] INFO root fetch - main [MainThread]: End processing [funcx]: success
[2023-05-09 00:03:14] INFO root fetch - processPackages [jaseci]: New version: [1.4.0.9] Old Version: [1.4.0.8]
[2023-05-09 00:03:14] INFO root fetch - processPackages [globus-compute-endpoint]: Start processing: jac-speech
[2023-05-09 00:03:14] INFO root fetch - main [MainThread]: End processing [globus-compute-endpoint]: success
[2023-05-09 00:03:14] INFO root fetch - processPackages [jac-nlp]: New version: [1.4.0.9] Old Version: [1.4.0.8]
[2023-05-09 00:03:14] INFO root fetch - processPackages [jac-vision]: Downloading https://files.pythonhosted.org/packages/37/29/1f486ac2a581711b4bcd46525454c7982acf909ac69cdbafa80e325b6fdd/jac_vision-1.4.0.8.tar.gz
[2023-05-09 00:03:14] INFO root fetch - processPackages [jac-speech]: New version: [1.4.0.9] Old Version: [1.4.0.8]
[2023-05-09 00:03:14] INFO root fetch - processPackages [jaseci]: Downloading https://files.pythonhosted.org/packages/c5/2e/51b94b822565a584d71eb0afeaea29bb70409df6426927e3e3f8ef998977/jaseci-1.4.0.8.tar.gz
[2023-05-09 00:03:14] INFO root fetch - processPackages [freshpy]: Start processing: jac-misc
[2023-05-09 00:03:14] INFO root fetch - main [MainThread]: End processing [freshpy]: success
[2023-05-09 00:03:14] INFO root fetch - processPackages [jac-nlp]: Downloading https://files.pythonhosted.org/packages/71/74/2eaf69faaa9e09ce411aa5c2bfdc9b73cdc93130fcbc403ed2d250d3c2f1/jac_nlp-1.4.0.8.tar.gz
[2023-05-09 00:03:14] INFO root fetch - main [MainThread]: End processing [complex-curve-fit-gui]: success
[2023-05-09 00:03:14] INFO root fetch - main [MainThread]: End processing [Pulse3D]: success
[2023-05-09 00:03:14] INFO root fetch - processPackages [jac-speech]: Downloading https://files.pythonhosted.org/packages/77/83/f87aed83614469610b0017c2c9d2305639589eb52b1a51190396c9b0d34b/jac_speech-1.4.0.8.tar.gz
[2023-05-09 00:03:14] INFO root fetch - processPackages [jac-misc]: New version: [1.4.0.9] Old Version: [1.4.0.8]
[2023-05-09 00:03:14] INFO root fetch - processPackages [jac-vision]: Downloading https://files.pythonhosted.org/packages/ec/96/cc4f2576036a4fb015a266a0fa017c1b17b13b96837df66add65fae31faa/jac_vision-1.4.0.9.tar.gz
[2023-05-09 00:03:14] INFO root fetch - processPackages [jaseci]: Downloading https://files.pythonhosted.org/packages/9f/3c/ab42161452fc8b5f5c5f481dd6e5e729908aa3e05dd3e5001983ffbb09cf/jaseci-1.4.0.9.tar.gz
[2023-05-09 00:03:14] INFO root fetch - main [MainThread]: End processing [globus-compute-sdk]: success
[2023-05-09 00:03:14] INFO root fetch - main [MainThread]: End processing [mama]: success
[2023-05-09 00:03:14] INFO root fetch - processPackages [jac-misc]: Downloading https://files.pythonhosted.org/packages/99/82/5d26254b49d8db1cd1c492554c30970c88f60cbfc5dbf9ed6d2ae4648ba3/jac_misc-1.4.0.8.tar.gz
[2023-05-09 00:03:14] INFO root fetch - processPackages [jac-vision]: executing diffoscope
[2023-05-09 00:03:14] INFO root fetch - processPackages [jac-vision]: podman run --user 0:0 --rm -w /home/abi/fetcher -v /home/abi/fetcher/tmp:/home/abi/fetcher/tmp:ro -v /home/abi/fetcher/20230509:/home/abi/fetcher/20230509:rw registry.salsa.debian.org/reproducible-builds/diffoscope --no-progress tmp/jac_vision-1.4.0.8.tar.gz tmp/jac_vision-1.4.0.9.tar.gz --markdown 20230509/j/jac-vision/1.4.0.8-1.4.0.9/diff.md --exclude *.pyd
[2023-05-09 00:03:15] INFO root fetch - processPackages [jac-nlp]: Downloading https://files.pythonhosted.org/packages/f4/17/3dca80a03cabd5fff75bcfb56af2bb78b20b757814881cc451cbeac8bfcb/jac_nlp-1.4.0.9.tar.gz
[2023-05-09 00:03:15] INFO root fetch - processPackages [jaseci]: executing diffoscope
[2023-05-09 00:03:15] INFO root fetch - processPackages [jaseci]: podman run --user 0:0 --rm -w /home/abi/fetcher -v /home/abi/fetcher/tmp:/home/abi/fetcher/tmp:ro -v /home/abi/fetcher/20230509:/home/abi/fetcher/20230509:rw registry.salsa.debian.org/reproducible-builds/diffoscope --no-progress tmp/jaseci-1.4.0.8.tar.gz tmp/jaseci-1.4.0.9.tar.gz --markdown 20230509/j/jaseci/1.4.0.8-1.4.0.9/diff.md --exclude *.pyd
[2023-05-09 00:03:15] INFO root fetch - processPackages [jac-speech]: Downloading https://files.pythonhosted.org/packages/a3/0e/53fa907f625021a4ea24238ed23f6bbc0239a9455d42b14f7d998496c7ea/jac_speech-1.4.0.9.tar.gz
[2023-05-09 00:03:15] INFO root fetch - processPackages [jac-nlp]: executing diffoscope
[2023-05-09 00:03:15] INFO root fetch - processPackages [jac-nlp]: podman run --user 0:0 --rm -w /home/abi/fetcher -v /home/abi/fetcher/tmp:/home/abi/fetcher/tmp:ro -v /home/abi/fetcher/20230509:/home/abi/fetcher/20230509:rw registry.salsa.debian.org/reproducible-builds/diffoscope --no-progress tmp/jac_nlp-1.4.0.8.tar.gz tmp/jac_nlp-1.4.0.9.tar.gz --markdown 20230509/j/jac-nlp/1.4.0.8-1.4.0.9/diff.md --exclude *.pyd
[2023-05-09 00:03:15] INFO root fetch - processPackages [jac-speech]: executing diffoscope
[2023-05-09 00:03:15] INFO root fetch - processPackages [jac-speech]: podman run --user 0:0 --rm -w /home/abi/fetcher -v /home/abi/fetcher/tmp:/home/abi/fetcher/tmp:ro -v /home/abi/fetcher/20230509:/home/abi/fetcher/20230509:rw registry.salsa.debian.org/reproducible-builds/diffoscope --no-progress tmp/jac_speech-1.4.0.8.tar.gz tmp/jac_speech-1.4.0.9.tar.gz --markdown 20230509/j/jac-speech/1.4.0.8-1.4.0.9/diff.md --exclude *.pyd
[2023-05-09 00:03:15] INFO root fetch - processPackages [jac-misc]: Downloading https://files.pythonhosted.org/packages/06/96/1e695cfb5574e6e8de6c536d19faa5326041c5b6fab9cccff1959303f129/jac_misc-1.4.0.9.tar.gz
[2023-05-09 00:03:15] INFO root fetch - processPackages [jac-misc]: executing diffoscope
[2023-05-09 00:03:15] INFO root fetch - processPackages [jac-misc]: podman run --user 0:0 --rm -w /home/abi/fetcher -v /home/abi/fetcher/tmp:/home/abi/fetcher/tmp:ro -v /home/abi/fetcher/20230509:/home/abi/fetcher/20230509:rw registry.salsa.debian.org/reproducible-builds/diffoscope --no-progress tmp/jac_misc-1.4.0.8.tar.gz tmp/jac_misc-1.4.0.9.tar.gz --markdown 20230509/j/jac-misc/1.4.0.8-1.4.0.9/diff.md --exclude *.pyd
[2023-05-09 00:03:16] INFO root fetch - main [MainThread]: End processing [jac-vision]: success
[2023-05-09 00:03:16] INFO root fetch - main [MainThread]: End processing [jac-speech]: success
[2023-05-09 00:03:16] INFO root fetch - main [MainThread]: End processing [jac-misc]: success
[2023-05-09 00:03:16] INFO root fetch - main [MainThread]: End processing [jaseci]: success
[2023-05-09 00:03:18] INFO root fetch - main [MainThread]: End processing [animo-trainer]: success
[2023-05-09 00:03:18] INFO root fetch - main [MainThread]: End processing [jac-nlp]: success
[2023-05-09 00:03:18] INFO root fetch - main [MainThread]: Store serial: [18023043]
[2023-05-09 00:08:22] INFO root fetch - main [MainThread]: Get Changelog since Serial: [18023043]
[2023-05-09 00:08:27] INFO root fetch - main [MainThread]: Found 10 changed packages
[2023-05-09 00:08:27] INFO root fetch - processPackages [ThreadPoolExecutor-0_0]: Start processing: jaseci-serv
[2023-05-09 00:08:27] INFO root fetch - processPackages [ThreadPoolExecutor-0_1]: Start processing: discoger
[2023-05-09 00:08:27] INFO root fetch - processPackages [ThreadPoolExecutor-0_2]: Start processing: les-louisdelatech
[2023-05-09 00:08:27] INFO root fetch - processPackages [ThreadPoolExecutor-0_3]: Start processing: livesolid
[2023-05-09 00:08:27] INFO root fetch - processPackages [ThreadPoolExecutor-0_4]: Start processing: kgcl-schema
[2023-05-09 00:08:27] INFO root fetch - processPackages [ThreadPoolExecutor-0_5]: Start processing: ib110hw
[2023-05-09 00:08:27] INFO root fetch - processPackages [ThreadPoolExecutor-0_6]: Start processing: nsdotpy
[2023-05-09 00:08:27] INFO root fetch - processPackages [ThreadPoolExecutor-0_7]: Start processing: djlint
[2023-05-09 00:08:27] INFO root fetch - processPackages [ThreadPoolExecutor-0_8]: Start processing: pyncette
[2023-05-09 00:08:27] INFO root fetch - processPackages [ThreadPoolExecutor-0_9]: Start processing: certora-cli-alpha-eric-kotlin1.8
[2023-05-09 00:08:27] INFO root fetch - processPackages [les-louisdelatech]: New version: [0.3.0] Old Version: [0.2.2]
[2023-05-09 00:08:27] INFO root fetch - processPackages [discoger]: New version: [1.1.5] Old Version: [1.1.4]
[2023-05-09 00:08:27] INFO root fetch - processPackages [kgcl-schema]: New version: [0.3.7] Old Version: [0.3.6]
[2023-05-09 00:08:27] INFO root fetch - processPackages [livesolid]: New version: [0.0.6] Old Version: [0.0.4]
[2023-05-09 00:08:27] INFO root fetch - processPackages [nsdotpy]: New version: [1.2.1] Old Version: [1.2.0]
[2023-05-09 00:08:27] INFO root fetch - processPackages [certora-cli-alpha-eric-kotlin1.8]: New version: [20230508.21.16.928990] Old Version: [20230508.20.7.741514]
[2023-05-09 00:08:27] INFO root fetch - processPackages [ib110hw]: New version: [0.1.5] Old Version: [0.1.4]
[2023-05-09 00:08:27] INFO root fetch - processPackages [jaseci-serv]: New version: [1.4.0.9] Old Version: [1.4.0.8]
[2023-05-09 00:08:27] INFO root fetch - processPackages [djlint]: New version: [1.9.5] Old Version: [1.9.4]
[2023-05-09 00:08:27] INFO root fetch - processPackages [certora-cli-alpha-eric-kotlin1.8]: Downloading https://files.pythonhosted.org/packages/c9/37/f0aed573147f320677efac735ebb2d0019ecf5415d0883d2cb94fbc4c452/certora-cli-alpha-eric-kotlin1.8-20230508.20.7.741514.tar.gz
[2023-05-09 00:08:27] INFO root fetch - processPackages [pyncette]: New version: [0.9.0] Old Version: [0.8.1]
[2023-05-09 00:08:27] WARNING root fetch - processPackages [certora-cli-alpha-eric-kotlin1.8]: Skipping package: exceeds size limit 39212434>=10485760
[2023-05-09 00:08:27] INFO root fetch - main [MainThread]: End processing [certora-cli-alpha-eric-kotlin1.8] error
[2023-05-09 00:08:27] INFO root fetch - processPackages [djlint]: executing diffoscope
[2023-05-09 00:08:27] INFO root fetch - processPackages [djlint]: podman run --user 0:0 --rm -w /home/abi/fetcher -v /home/abi/fetcher/tmp:/home/abi/fetcher/tmp:ro -v /home/abi/fetcher/20230509:/home/abi/fetcher/20230509:rw registry.salsa.debian.org/reproducible-builds/diffoscope --no-progress tmp/djlint-1.9.4.tar.gz tmp/djlint-1.9.5.tar.gz --markdown 20230509/d/djlint/1.9.4-1.9.5/diff.md --exclude *.pyd
[2023-05-09 00:08:27] INFO root fetch - processPackages [les-louisdelatech]: Downloading https://files.pythonhosted.org/packages/d7/b3/95a12e4d1288cebe262f2b2471e5735f79c7602d57b65a8b142c81b9e845/les-louisdelatech-0.2.2.tar.gz
[2023-05-09 00:08:27] INFO root fetch - processPackages [livesolid]: Downloading https://files.pythonhosted.org/packages/ed/dc/80ab13ec1970b6410058a633b7fb42c01e56ef8b22a5bb246f4237c21e09/livesolid-0.0.4.tar.gz
[2023-05-09 00:08:27] INFO root fetch - processPackages [ib110hw]: Downloading https://files.pythonhosted.org/packages/47/ba/dfb3d442a3760a6c7da83f742f8a8218692fc3d70fcc1087e3ccd529fc33/ib110hw-0.1.4.tar.gz
[2023-05-09 00:08:27] INFO root fetch - processPackages [kgcl-schema]: Downloading https://files.pythonhosted.org/packages/a2/9b/44d945bf1fa505d5be0f76f57ca309756d1d5265e58d3f907b9994ebe689/kgcl_schema-0.3.6.tar.gz
[2023-05-09 00:08:27] INFO root fetch - processPackages [jaseci-serv]: Downloading https://files.pythonhosted.org/packages/54/cb/40cac007acb8c32addc02c946bfb5a30e334c7e6cc4d7011739bfbffe8b5/jaseci_serv-1.4.0.8.tar.gz
[2023-05-09 00:08:27] INFO root fetch - processPackages [discoger]: Downloading https://files.pythonhosted.org/packages/03/f5/3c488d1ccd5db6a0799af89a03a97fd942e29229cc436e03879701700aad/discoger-1.1.5.tar.gz
[2023-05-09 00:08:27] INFO root fetch - processPackages [nsdotpy]: Downloading https://files.pythonhosted.org/packages/5f/29/0e7f8448325a18c28ad3ba4e505277621ce453aa7dff3f4ced1b33da52f0/nsdotpy-1.2.0.tar.gz
[2023-05-09 00:08:27] INFO root fetch - processPackages [pyncette]: Downloading https://files.pythonhosted.org/packages/38/5c/065c69e45683908abedd2c9ea8153f8844d3b78c5cf87f6d01984be8e8fc/pyncette-0.8.1.tar.gz
[2023-05-09 00:08:27] INFO root fetch - processPackages [discoger]: executing diffoscope
[2023-05-09 00:08:27] INFO root fetch - processPackages [discoger]: podman run --user 0:0 --rm -w /home/abi/fetcher -v /home/abi/fetcher/tmp:/home/abi/fetcher/tmp:ro -v /home/abi/fetcher/20230509:/home/abi/fetcher/20230509:rw registry.salsa.debian.org/reproducible-builds/diffoscope --no-progress tmp/discoger-1.1.4.tar.gz tmp/discoger-1.1.5.tar.gz --markdown 20230509/d/discoger/1.1.4-1.1.5/diff.md --exclude *.pyd
[2023-05-09 00:08:27] INFO root fetch - processPackages [livesolid]: Downloading https://files.pythonhosted.org/packages/8f/74/2d164b6ba03dfbe21e5ce80b5c21837aa498f9afa5cdc1c33324aeeff0c2/livesolid-0.0.6.tar.gz
[2023-05-09 00:08:27] INFO root fetch - processPackages [ib110hw]: Downloading https://files.pythonhosted.org/packages/b1/e1/c1e7188dc828ab219fb62a234dd7eff4979bfb9d4a8e7e8ae5ac878cac0d/ib110hw-0.1.5.tar.gz
[2023-05-09 00:08:27] INFO root fetch - processPackages [nsdotpy]: Downloading https://files.pythonhosted.org/packages/b2/e3/33d2899a9955a903c3993e2e295f80504faacd7e32900968934de21ed866/nsdotpy-1.2.1.tar.gz
[2023-05-09 00:08:27] INFO root fetch - processPackages [livesolid]: executing diffoscope
[2023-05-09 00:08:27] INFO root fetch - processPackages [livesolid]: podman run --user 0:0 --rm -w /home/abi/fetcher -v /home/abi/fetcher/tmp:/home/abi/fetcher/tmp:ro -v /home/abi/fetcher/20230509:/home/abi/fetcher/20230509:rw registry.salsa.debian.org/reproducible-builds/diffoscope --no-progress tmp/livesolid-0.0.4.tar.gz tmp/livesolid-0.0.6.tar.gz --markdown 20230509/l/livesolid/0.0.4-0.0.6/diff.md --exclude *.pyd
[2023-05-09 00:08:27] INFO root fetch - processPackages [les-louisdelatech]: Downloading https://files.pythonhosted.org/packages/47/84/2b72b11b18b1bd016cf07056840281ffd3558bf6ae74503f3ef62656fc85/les_louisdelatech-0.3.0.tar.gz
[2023-05-09 00:08:27] INFO root fetch - processPackages [kgcl-schema]: Downloading https://files.pythonhosted.org/packages/7b/62/025a00bf8b5be8ebcc27f47cf9d04f2dbe908cce7ef450811f1b0472a134/kgcl_schema-0.3.7.tar.gz
[2023-05-09 00:08:27] INFO root fetch - processPackages [ib110hw]: executing diffoscope
[2023-05-09 00:08:27] INFO root fetch - processPackages [ib110hw]: podman run --user 0:0 --rm -w /home/abi/fetcher -v /home/abi/fetcher/tmp:/home/abi/fetcher/tmp:ro -v /home/abi/fetcher/20230509:/home/abi/fetcher/20230509:rw registry.salsa.debian.org/reproducible-builds/diffoscope --no-progress tmp/ib110hw-0.1.4.tar.gz tmp/ib110hw-0.1.5.tar.gz --markdown 20230509/i/ib110hw/0.1.4-0.1.5/diff.md --exclude *.pyd
[2023-05-09 00:08:27] INFO root fetch - processPackages [nsdotpy]: executing diffoscope
[2023-05-09 00:08:27] INFO root fetch - processPackages [nsdotpy]: podman run --user 0:0 --rm -w /home/abi/fetcher -v /home/abi/fetcher/tmp:/home/abi/fetcher/tmp:ro -v /home/abi/fetcher/20230509:/home/abi/fetcher/20230509:rw registry.salsa.debian.org/reproducible-builds/diffoscope --no-progress tmp/nsdotpy-1.2.0.tar.gz tmp/nsdotpy-1.2.1.tar.gz --markdown 20230509/n/nsdotpy/1.2.0-1.2.1/diff.md --exclude *.pyd
[2023-05-09 00:08:27] INFO root fetch - processPackages [jaseci-serv]: Downloading https://files.pythonhosted.org/packages/b7/3b/4718f4f4f08e2adc57da5321d6f3729f207a6f35fb7b06ff6889a4ec2ffd/jaseci_serv-1.4.0.9.tar.gz
[2023-05-09 00:08:27] INFO root fetch - processPackages [les-louisdelatech]: executing diffoscope
[2023-05-09 00:08:27] INFO root fetch - processPackages [les-louisdelatech]: podman run --user 0:0 --rm -w /home/abi/fetcher -v /home/abi/fetcher/tmp:/home/abi/fetcher/tmp:ro -v /home/abi/fetcher/20230509:/home/abi/fetcher/20230509:rw registry.salsa.debian.org/reproducible-builds/diffoscope --no-progress tmp/les-louisdelatech-0.2.2.tar.gz tmp/les_louisdelatech-0.3.0.tar.gz --markdown 20230509/l/les-louisdelatech/0.2.2-0.3.0/diff.md --exclude *.pyd
[2023-05-09 00:08:28] INFO root fetch - processPackages [kgcl-schema]: executing diffoscope
[2023-05-09 00:08:28] INFO root fetch - processPackages [kgcl-schema]: podman run --user 0:0 --rm -w /home/abi/fetcher -v /home/abi/fetcher/tmp:/home/abi/fetcher/tmp:ro -v /home/abi/fetcher/20230509:/home/abi/fetcher/20230509:rw registry.salsa.debian.org/reproducible-builds/diffoscope --no-progress tmp/kgcl_schema-0.3.6.tar.gz tmp/kgcl_schema-0.3.7.tar.gz --markdown 20230509/k/kgcl-schema/0.3.6-0.3.7/diff.md --exclude *.pyd
[2023-05-09 00:08:28] INFO root fetch - processPackages [pyncette]: Downloading https://files.pythonhosted.org/packages/3f/c0/63437229e68bd55cb87749f167397ad69df69353704d8cfe73f290b68468/pyncette-0.9.0.tar.gz
[2023-05-09 00:08:28] INFO root fetch - processPackages [jaseci-serv]: executing diffoscope
[2023-05-09 00:08:28] INFO root fetch - processPackages [jaseci-serv]: podman run --user 0:0 --rm -w /home/abi/fetcher -v /home/abi/fetcher/tmp:/home/abi/fetcher/tmp:ro -v /home/abi/fetcher/20230509:/home/abi/fetcher/20230509:rw registry.salsa.debian.org/reproducible-builds/diffoscope --no-progress tmp/jaseci_serv-1.4.0.8.tar.gz tmp/jaseci_serv-1.4.0.9.tar.gz --markdown 20230509/j/jaseci-serv/1.4.0.8-1.4.0.9/diff.md --exclude *.pyd
[2023-05-09 00:08:28] INFO root fetch - processPackages [pyncette]: executing diffoscope
[2023-05-09 00:08:28] INFO root fetch - processPackages [pyncette]: podman run --user 0:0 --rm -w /home/abi/fetcher -v /home/abi/fetcher/tmp:/home/abi/fetcher/tmp:ro -v /home/abi/fetcher/20230509:/home/abi/fetcher/20230509:rw registry.salsa.debian.org/reproducible-builds/diffoscope --no-progress tmp/pyncette-0.8.1.tar.gz tmp/pyncette-0.9.0.tar.gz --markdown 20230509/p/pyncette/0.8.1-0.9.0/diff.md --exclude *.pyd
[2023-05-09 00:08:29] INFO root fetch - main [MainThread]: End processing [livesolid]: success
[2023-05-09 00:08:29] INFO root fetch - main [MainThread]: End processing [nsdotpy]: success
[2023-05-09 00:08:29] INFO root fetch - main [MainThread]: End processing [ib110hw]: success
[2023-05-09 00:08:29] INFO root fetch - main [MainThread]: End processing [kgcl-schema]: success
[2023-05-09 00:08:29] INFO root fetch - main [MainThread]: End processing [djlint]: success
[2023-05-09 00:08:29] INFO root fetch - main [MainThread]: End processing [les-louisdelatech]: success
[2023-05-09 00:08:29] INFO root fetch - main [MainThread]: End processing [discoger]: success
[2023-05-09 00:08:29] INFO root fetch - main [MainThread]: End processing [pyncette]: success
[2023-05-09 00:08:29] INFO root fetch - main [MainThread]: End processing [jaseci-serv]: success
[2023-05-09 00:08:29] INFO root fetch - main [MainThread]: Store serial: [18023074]
[2023-05-09 00:13:33] INFO root fetch - main [MainThread]: Get Changelog since Serial: [18023074]
[2023-05-09 00:13:38] INFO root fetch - main [MainThread]: Found 6 changed packages
[2023-05-09 00:13:38] INFO root fetch - processPackages [ThreadPoolExecutor-0_0]: Start processing: videogestalt
[2023-05-09 00:13:38] INFO root fetch - processPackages [ThreadPoolExecutor-0_1]: Start processing: wtt02
[2023-05-09 00:13:38] INFO root fetch - processPackages [ThreadPoolExecutor-0_2]: Start processing: maverage
[2023-05-09 00:13:38] INFO root fetch - processPackages [ThreadPoolExecutor-0_3]: Start processing: s3dbm
[2023-05-09 00:13:38] INFO root fetch - processPackages [ThreadPoolExecutor-0_4]: Start processing: pyqodeng
[2023-05-09 00:13:38] INFO root fetch - processPackages [ThreadPoolExecutor-0_5]: Start processing: harlequin
[2023-05-09 00:13:38] INFO root fetch - processPackages [pyqodeng]: New version: [0.0.9] Old Version: [0.0.8]
[2023-05-09 00:13:38] INFO root fetch - processPackages [harlequin]: New version: [0.0.5] Old Version: [0.0.4]
[2023-05-09 00:13:38] WARNING root fetch - processPackages [maverage]: Skipping, unable to determine old version
[2023-05-09 00:13:38] INFO root fetch - processPackages [s3dbm]: New version: [0.0.6] Old Version: [0.0.5]
[2023-05-09 00:13:38] INFO root fetch - main [MainThread]: End processing [maverage] error
[2023-05-09 00:13:38] INFO root fetch - processPackages [videogestalt]: New version: [0.2.4] Old Version: [0.2.3a0]
[2023-05-09 00:13:38] INFO root fetch - processPackages [wtt02]: New version: [0.3.7] Old Version: [0.3.6]
[2023-05-09 00:13:38] INFO root fetch - processPackages [pyqodeng]: Downloading https://files.pythonhosted.org/packages/00/a2/becd415069093837a259dc6be98dd4dbe1a4c518abb86c12339cd4fd3ebb/pyqodeng-0.0.8.tar.gz
[2023-05-09 00:13:38] INFO root fetch - processPackages [harlequin]: Downloading https://files.pythonhosted.org/packages/6a/27/e78fe8e9d3b450c4d5be648b2a46da4044eae907bb3f41ab0aba577807a4/harlequin-0.0.4.tar.gz
[2023-05-09 00:13:38] INFO root fetch - processPackages [wtt02]: Downloading https://files.pythonhosted.org/packages/62/b0/8353ea33a51398db18a02a9a968adf54750374abd74c9239a9fd046213f7/wtt02-0.3.6.tar.gz
[2023-05-09 00:13:38] INFO root fetch - processPackages [videogestalt]: Downloading https://files.pythonhosted.org/packages/2d/b4/daf0c59c098eb845ae85740b320b4af0917ac5c29a3634c30785a36283b6/videogestalt-0.2.3a0.tar.gz
[2023-05-09 00:13:38] INFO root fetch - processPackages [s3dbm]: Downloading https://files.pythonhosted.org/packages/4a/7a/f7ae90702d3fe21aa6e63751e521a52341aa91c670f83788d9169036070f/s3dbm-0.0.6.tar.gz
[2023-05-09 00:13:38] INFO root fetch - processPackages [s3dbm]: executing diffoscope
[2023-05-09 00:13:38] INFO root fetch - processPackages [s3dbm]: podman run --user 0:0 --rm -w /home/abi/fetcher -v /home/abi/fetcher/tmp:/home/abi/fetcher/tmp:ro -v /home/abi/fetcher/20230509:/home/abi/fetcher/20230509:rw registry.salsa.debian.org/reproducible-builds/diffoscope --no-progress tmp/s3dbm-0.0.5.tar.gz tmp/s3dbm-0.0.6.tar.gz --markdown 20230509/s/s3dbm/0.0.5-0.0.6/diff.md --exclude *.pyd
[2023-05-09 00:13:38] INFO root fetch - processPackages [wtt02]: Downloading https://files.pythonhosted.org/packages/2a/14/75c819b9324bb5a905d40f1c9383ae90d882c32ed99aa6ef135ff182eaca/wtt02-0.3.7.tar.gz
[2023-05-09 00:13:38] INFO root fetch - processPackages [videogestalt]: Downloading https://files.pythonhosted.org/packages/9b/39/531bfab4c48e5c7373fa3dc91af7a541e7609746bb0f8d0f1a85aa7de4a3/videogestalt-0.2.4.tar.gz
[2023-05-09 00:13:38] INFO root fetch - processPackages [pyqodeng]: Downloading https://files.pythonhosted.org/packages/f6/d5/ff576b9194292211c33eead1175700686b883c828c5fa0afccb14285c3f4/pyqodeng-0.0.9.tar.gz
[2023-05-09 00:13:39] INFO root fetch - processPackages [harlequin]: Downloading https://files.pythonhosted.org/packages/b2/cf/4a2e7c445fd15696da52f6ceeab18ac0543215a4cab545f62c9994e2f311/harlequin-0.0.5.tar.gz
[2023-05-09 00:13:39] INFO root fetch - processPackages [wtt02]: executing diffoscope
[2023-05-09 00:13:39] INFO root fetch - processPackages [wtt02]: podman run --user 0:0 --rm -w /home/abi/fetcher -v /home/abi/fetcher/tmp:/home/abi/fetcher/tmp:ro -v /home/abi/fetcher/20230509:/home/abi/fetcher/20230509:rw registry.salsa.debian.org/reproducible-builds/diffoscope --no-progress tmp/wtt02-0.3.6.tar.gz tmp/wtt02-0.3.7.tar.gz --markdown 20230509/w/wtt02/0.3.6-0.3.7/diff.md --exclude *.pyd
[2023-05-09 00:13:39] INFO root fetch - processPackages [videogestalt]: executing diffoscope
[2023-05-09 00:13:39] INFO root fetch - processPackages [videogestalt]: podman run --user 0:0 --rm -w /home/abi/fetcher -v /home/abi/fetcher/tmp:/home/abi/fetcher/tmp:ro -v /home/abi/fetcher/20230509:/home/abi/fetcher/20230509:rw registry.salsa.debian.org/reproducible-builds/diffoscope --no-progress tmp/videogestalt-0.2.3a0.tar.gz tmp/videogestalt-0.2.4.tar.gz --markdown 20230509/v/videogestalt/0.2.3a0-0.2.4/diff.md --exclude *.pyd
[2023-05-09 00:13:39] INFO root fetch - processPackages [pyqodeng]: executing diffoscope
[2023-05-09 00:13:39] INFO root fetch - processPackages [pyqodeng]: podman run --user 0:0 --rm -w /home/abi/fetcher -v /home/abi/fetcher/tmp:/home/abi/fetcher/tmp:ro -v /home/abi/fetcher/20230509:/home/abi/fetcher/20230509:rw registry.salsa.debian.org/reproducible-builds/diffoscope --no-progress tmp/pyqodeng-0.0.8.tar.gz tmp/pyqodeng-0.0.9.tar.gz --markdown 20230509/p/pyqodeng/0.0.8-0.0.9/diff.md --exclude *.pyd
[2023-05-09 00:13:39] INFO root fetch - processPackages [harlequin]: executing diffoscope
[2023-05-09 00:13:39] INFO root fetch - processPackages [harlequin]: podman run --user 0:0 --rm -w /home/abi/fetcher -v /home/abi/fetcher/tmp:/home/abi/fetcher/tmp:ro -v /home/abi/fetcher/20230509:/home/abi/fetcher/20230509:rw registry.salsa.debian.org/reproducible-builds/diffoscope --no-progress tmp/harlequin-0.0.4.tar.gz tmp/harlequin-0.0.5.tar.gz --markdown 20230509/h/harlequin/0.0.4-0.0.5/diff.md --exclude *.pyd
[2023-05-09 00:13:40] INFO root fetch - main [MainThread]: End processing [wtt02]: success
[2023-05-09 00:13:40] INFO root fetch - main [MainThread]: End processing [videogestalt]: success
[2023-05-09 00:13:40] INFO root fetch - main [MainThread]: End processing [harlequin]: success
[2023-05-09 00:13:40] INFO root fetch - main [MainThread]: End processing [s3dbm]: success
[2023-05-09 00:13:41] INFO root fetch - main [MainThread]: End processing [pyqodeng]: success
[2023-05-09 00:13:41] INFO root fetch - main [MainThread]: Store serial: [18023094]
[2023-05-09 00:18:45] INFO root fetch - main [MainThread]: Get Changelog since Serial: [18023094]
[2023-05-09 00:18:50] INFO root fetch - main [MainThread]: Found 6 changed packages
[2023-05-09 00:18:50] INFO root fetch - processPackages [ThreadPoolExecutor-0_0]: Start processing: PyNucSeg
[2023-05-09 00:18:50] INFO root fetch - processPackages [ThreadPoolExecutor-0_1]: Start processing: frankAllSkyCam
[2023-05-09 00:18:50] INFO root fetch - processPackages [ThreadPoolExecutor-0_2]: Start processing: filedbm
[2023-05-09 00:18:50] INFO root fetch - processPackages [ThreadPoolExecutor-0_3]: Start processing: slashml
[2023-05-09 00:18:50] INFO root fetch - processPackages [ThreadPoolExecutor-0_4]: Start processing: webint
[2023-05-09 00:18:50] INFO root fetch - processPackages [ThreadPoolExecutor-0_5]: Start processing: gpt-review
[2023-05-09 00:18:50] INFO root fetch - processPackages [PyNucSeg]: New version: [0.0.8] Old Version: [0.0.7]
[2023-05-09 00:18:50] INFO root fetch - processPackages [webint]: New version: [0.1.9] Old Version: [0.1.8]
[2023-05-09 00:18:50] WARNING root fetch - processPackages [slashml]: Skipping, unable to determine old version
[2023-05-09 00:18:50] INFO root fetch - main [MainThread]: End processing [slashml] error
[2023-05-09 00:18:50] INFO root fetch - processPackages [filedbm]: New version: [0.0.3] Old Version: [0.0.2]
[2023-05-09 00:18:50] INFO root fetch - processPackages [gpt-review]: New version: [0.8.0rc524.post1] Old Version: [0.8.0rc518.post1]
[2023-05-09 00:18:50] INFO root fetch - processPackages [frankAllSkyCam]: New version: [6.0] Old Version: [5.9]
[2023-05-09 00:18:50] INFO root fetch - processPackages [webint]: executing diffoscope
[2023-05-09 00:18:50] INFO root fetch - processPackages [webint]: podman run --user 0:0 --rm -w /home/abi/fetcher -v /home/abi/fetcher/tmp:/home/abi/fetcher/tmp:ro -v /home/abi/fetcher/20230509:/home/abi/fetcher/20230509:rw registry.salsa.debian.org/reproducible-builds/diffoscope --no-progress tmp/webint-0.1.8.tar.gz tmp/webint-0.1.9.tar.gz --markdown 20230509/w/webint/0.1.8-0.1.9/diff.md --exclude *.pyd
[2023-05-09 00:18:50] INFO root fetch - processPackages [PyNucSeg]: Downloading https://files.pythonhosted.org/packages/aa/6f/1c3b25cca29aabbdfce03153f24f538586f810970a1cf22867bfc77018a7/PyNucSeg-0.0.7.tar.gz
[2023-05-09 00:18:50] INFO root fetch - processPackages [gpt-review]: Downloading https://files.pythonhosted.org/packages/da/d5/f1a6aca29081310c0afa05f9e32e40208c80cd04d606bcbaa5ff55d1a116/gpt-review-0.8.0rc524.post1.tar.gz
[2023-05-09 00:18:50] INFO root fetch - processPackages [filedbm]: Downloading https://files.pythonhosted.org/packages/bb/50/504c7bb1e41522ca11ce061591b778e7d78cc55d3e541f19de3408145583/filedbm-0.0.3.tar.gz
[2023-05-09 00:18:50] INFO root fetch - processPackages [gpt-review]: executing diffoscope
[2023-05-09 00:18:50] INFO root fetch - processPackages [gpt-review]: podman run --user 0:0 --rm -w /home/abi/fetcher -v /home/abi/fetcher/tmp:/home/abi/fetcher/tmp:ro -v /home/abi/fetcher/20230509:/home/abi/fetcher/20230509:rw registry.salsa.debian.org/reproducible-builds/diffoscope --no-progress tmp/gpt-review-0.8.0rc518.post1.tar.gz tmp/gpt-review-0.8.0rc524.post1.tar.gz --markdown 20230509/g/gpt-review/0.8.0rc518.post1-0.8.0rc524.post1/diff.md --exclude *.pyd
[2023-05-09 00:18:50] INFO root fetch - processPackages [filedbm]: executing diffoscope
[2023-05-09 00:18:50] INFO root fetch - processPackages [filedbm]: podman run --user 0:0 --rm -w /home/abi/fetcher -v /home/abi/fetcher/tmp:/home/abi/fetcher/tmp:ro -v /home/abi/fetcher/20230509:/home/abi/fetcher/20230509:rw registry.salsa.debian.org/reproducible-builds/diffoscope --no-progress tmp/filedbm-0.0.2.tar.gz tmp/filedbm-0.0.3.tar.gz --markdown 20230509/f/filedbm/0.0.2-0.0.3/diff.md --exclude *.pyd
[2023-05-09 00:18:50] INFO root fetch - processPackages [frankAllSkyCam]: Downloading https://files.pythonhosted.org/packages/6d/87/fabb3bea90c5e24057df2056089fd573bb4e0d3d327ef82f9bba00f2dce9/frankAllSkyCam-6.0.tar.gz
[2023-05-09 00:18:51] INFO root fetch - processPackages [PyNucSeg]: Downloading https://files.pythonhosted.org/packages/95/b9/ea6b919168790dbdf29929afc79cb187df13d1a08e03eafe1bcadec61638/PyNucSeg-0.0.8.tar.gz
[2023-05-09 00:18:51] INFO root fetch - processPackages [frankAllSkyCam]: executing diffoscope
[2023-05-09 00:18:51] INFO root fetch - processPackages [frankAllSkyCam]: podman run --user 0:0 --rm -w /home/abi/fetcher -v /home/abi/fetcher/tmp:/home/abi/fetcher/tmp:ro -v /home/abi/fetcher/20230509:/home/abi/fetcher/20230509:rw registry.salsa.debian.org/reproducible-builds/diffoscope --no-progress tmp/frankAllSkyCam-5.9.tar.gz tmp/frankAllSkyCam-6.0.tar.gz --markdown 20230509/f/frankAllSkyCam/5.9-6.0/diff.md --exclude *.pyd
[2023-05-09 00:18:51] INFO root fetch - processPackages [PyNucSeg]: executing diffoscope
[2023-05-09 00:18:51] INFO root fetch - processPackages [PyNucSeg]: podman run --user 0:0 --rm -w /home/abi/fetcher -v /home/abi/fetcher/tmp:/home/abi/fetcher/tmp:ro -v /home/abi/fetcher/20230509:/home/abi/fetcher/20230509:rw registry.salsa.debian.org/reproducible-builds/diffoscope --no-progress tmp/PyNucSeg-0.0.7.tar.gz tmp/PyNucSeg-0.0.8.tar.gz --markdown 20230509/P/PyNucSeg/0.0.7-0.0.8/diff.md --exclude *.pyd
[2023-05-09 00:18:51] INFO root fetch - main [MainThread]: End processing [filedbm]: success
[2023-05-09 00:18:52] INFO root fetch - main [MainThread]: End processing [gpt-review]: success
[2023-05-09 00:18:52] INFO root fetch - main [MainThread]: End processing [PyNucSeg]: success
[2023-05-09 00:18:52] INFO root fetch - main [MainThread]: End processing [frankAllSkyCam]: success
[2023-05-09 00:18:56] INFO root fetch - main [MainThread]: End processing [webint]: success
[2023-05-09 00:18:56] INFO root fetch - main [MainThread]: Store serial: [18023116]
